<?xml version="1.0" encoding="UTF-8"?>
<!-- Generated by org.testng.reporters.JUnitXMLReporter -->
<testsuite ignored="0" hostname="DESKTOP-73JCDLH" failures="0" tests="3" name="Test" time="29.015" errors="0" timestamp="2021-09-06T04:57:39 IST">
  <testcase classname="com.Framework.TestVagrant.Test_Case" name="API_TestCase" time="6.16"/>
  <testcase classname="com.Framework.TestVagrant.Test_Case" name="TC01" time="3.967"/>
  <testcase classname="com.Framework.TestVagrant.Test_Case" name="comparison" time="0.005"/>
</testsuite> <!-- Test -->
