<?xml version="1.0" encoding="UTF-8"?>
<testng-results ignored="0" total="1" passed="1" failed="0" skipped="0">
  <reporter-output>
  </reporter-output>
  <suite started-at="2021-09-06T01:23:00 IST" name="Suite" finished-at="2021-09-06T01:23:35 IST" duration-ms="35230">
    <groups>
    </groups>
    <test started-at="2021-09-06T01:23:00 IST" name="Test" finished-at="2021-09-06T01:23:35 IST" duration-ms="35230">
      <class name="com.Framework.TestVagrant.Test_Case_01">
        <test-method is-config="true" signature="setUp()[pri:0, instance:com.Framework.TestVagrant.Test_Case_01@6283d8b8]" started-at="2021-09-06T01:23:00 IST" name="setUp" finished-at="2021-09-06T01:23:12 IST" duration-ms="12272" status="PASS">
          <reporter-output>
          </reporter-output>
        </test-method> <!-- setUp -->
        <test-method is-config="true" signature="setUp()[pri:0, instance:com.Framework.TestVagrant.Test_Case_01@6283d8b8]" started-at="2021-09-06T01:23:12 IST" name="setUp" finished-at="2021-09-06T01:23:29 IST" duration-ms="16920" status="PASS">
          <reporter-output>
          </reporter-output>
        </test-method> <!-- setUp -->
        <test-method signature="TC01()[pri:0, instance:com.Framework.TestVagrant.Test_Case_01@6283d8b8]" started-at="2021-09-06T01:23:29 IST" name="TC01" finished-at="2021-09-06T01:23:33 IST" duration-ms="3862" status="PASS">
          <reporter-output>
          </reporter-output>
        </test-method> <!-- TC01 -->
        <test-method is-config="true" signature="closeBrowsers()[pri:0, instance:com.Framework.TestVagrant.Test_Case_01@6283d8b8]" started-at="2021-09-06T01:23:33 IST" name="closeBrowsers" finished-at="2021-09-06T01:23:35 IST" duration-ms="2109" status="PASS">
          <reporter-output>
          </reporter-output>
        </test-method> <!-- closeBrowsers -->
      </class> <!-- com.Framework.TestVagrant.Test_Case_01 -->
    </test> <!-- Test -->
  </suite> <!-- Suite -->
</testng-results>
